c:\users\hunts\desktop\c++ game\instability++\instability\instability++\x64\debug\vc143.pdb
c:\users\hunts\desktop\c++ game\instability++\instability\instability++\x64\debug\vc143.idb
c:\users\hunts\desktop\c++ game\instability++\instability\instability++\x64\debug\sprite.obj
c:\users\hunts\desktop\c++ game\instability++\instability\instability++\x64\debug\main.obj
c:\users\hunts\desktop\c++ game\instability++\instability\instability++\x64\debug\gui.obj
c:\users\hunts\desktop\c++ game\instability++\instability\instability++\x64\debug\globalhelpers.obj
c:\users\hunts\desktop\c++ game\instability++\instability\instability++\x64\debug\game.obj
c:\users\hunts\desktop\c++ game\instability++\instability\instability++\x64\debug\instability++.ilk
c:\users\hunts\desktop\c++ game\instability++\instability\x64\debug\instability++.pdb
c:\users\hunts\desktop\c++ game\instability++\instability\instability++\x64\debug\instability++.tlog\cl.command.1.tlog
c:\users\hunts\desktop\c++ game\instability++\instability\instability++\x64\debug\instability++.tlog\cl.items.tlog
c:\users\hunts\desktop\c++ game\instability++\instability\instability++\x64\debug\instability++.tlog\cl.read.1.tlog
c:\users\hunts\desktop\c++ game\instability++\instability\instability++\x64\debug\instability++.tlog\cl.write.1.tlog
c:\users\hunts\desktop\c++ game\instability++\instability\instability++\x64\debug\instability++.tlog\link-cvtres.read.1.tlog
c:\users\hunts\desktop\c++ game\instability++\instability\instability++\x64\debug\instability++.tlog\link-cvtres.write.1.tlog
c:\users\hunts\desktop\c++ game\instability++\instability\instability++\x64\debug\instability++.tlog\link-rc.read.1.tlog
c:\users\hunts\desktop\c++ game\instability++\instability\instability++\x64\debug\instability++.tlog\link-rc.write.1.tlog
c:\users\hunts\desktop\c++ game\instability++\instability\instability++\x64\debug\instability++.tlog\link.23460-cvtres.read.1.tlog
c:\users\hunts\desktop\c++ game\instability++\instability\instability++\x64\debug\instability++.tlog\link.23460-cvtres.write.1.tlog
c:\users\hunts\desktop\c++ game\instability++\instability\instability++\x64\debug\instability++.tlog\link.23460-rc.read.1.tlog
c:\users\hunts\desktop\c++ game\instability++\instability\instability++\x64\debug\instability++.tlog\link.23460-rc.write.1.tlog
c:\users\hunts\desktop\c++ game\instability++\instability\instability++\x64\debug\instability++.tlog\link.23460.read.1.tlog
c:\users\hunts\desktop\c++ game\instability++\instability\instability++\x64\debug\instability++.tlog\link.23460.read.2.tlog
c:\users\hunts\desktop\c++ game\instability++\instability\instability++\x64\debug\instability++.tlog\link.23460.read.3.tlog
c:\users\hunts\desktop\c++ game\instability++\instability\instability++\x64\debug\instability++.tlog\link.23460.read.4.tlog
c:\users\hunts\desktop\c++ game\instability++\instability\instability++\x64\debug\instability++.tlog\link.23460.write.1.tlog
c:\users\hunts\desktop\c++ game\instability++\instability\instability++\x64\debug\instability++.tlog\link.command.1.tlog
c:\users\hunts\desktop\c++ game\instability++\instability\instability++\x64\debug\instability++.tlog\link.read.1.tlog
c:\users\hunts\desktop\c++ game\instability++\instability\instability++\x64\debug\instability++.tlog\link.read.2.tlog
c:\users\hunts\desktop\c++ game\instability++\instability\instability++\x64\debug\instability++.tlog\link.read.3.tlog
c:\users\hunts\desktop\c++ game\instability++\instability\instability++\x64\debug\instability++.tlog\link.read.4.tlog
c:\users\hunts\desktop\c++ game\instability++\instability\instability++\x64\debug\instability++.tlog\link.read.5.tlog
c:\users\hunts\desktop\c++ game\instability++\instability\instability++\x64\debug\instability++.tlog\link.secondary.1.tlog
c:\users\hunts\desktop\c++ game\instability++\instability\instability++\x64\debug\instability++.tlog\link.write.1.tlog
